F:\VS Project\DNNFace\DNNFace\Debug\cl.command.1.tlog
F:\VS Project\DNNFace\DNNFace\Debug\CL.read.1.tlog
F:\VS Project\DNNFace\DNNFace\Debug\CL.write.1.tlog
F:\VS PROJECT\DNNFACE\DNNFACE\DEBUG\CONNECTION.OBJ
F:\VS PROJECT\DNNFACE\DNNFACE\DEBUG\DBN.OBJ
F:\VS Project\DNNFace\DNNFace\Debug\DNNFace.exe.embed.manifest
F:\VS PROJECT\DNNFACE\DNNFACE\DEBUG\DNNFACE.EXE.EMBED.MANIFEST.RES
F:\VS Project\DNNFace\DNNFace\Debug\DNNFace_manifest.rc
F:\VS PROJECT\DNNFACE\DNNFACE\DEBUG\LAYER.OBJ
F:\VS Project\DNNFace\DNNFace\Debug\link.command.1.tlog
F:\VS Project\DNNFace\DNNFace\Debug\link.read.1.tlog
F:\VS Project\DNNFace\DNNFace\Debug\link.write.1.tlog
F:\VS PROJECT\DNNFACE\DNNFACE\DEBUG\NN.OBJ
F:\VS PROJECT\DNNFACE\DNNFACE\DEBUG\RBM.OBJ
F:\VS PROJECT\DNNFACE\DNNFACE\DEBUG\RBM_CALC.OBJ
F:\VS PROJECT\DNNFACE\DNNFACE\DEBUG\RBM_DISP.OBJ
F:\VS PROJECT\DNNFACE\DNNFACE\DEBUG\RBM_INIT.OBJ
F:\VS Project\DNNFace\DNNFace\Debug\rbm1.cu.cache
F:\VS Project\DNNFace\DNNFace\Debug\rbm1.cu.obj
F:\VS Project\DNNFace\DNNFace\Debug\rc.command.1.tlog
F:\VS Project\DNNFace\DNNFace\Debug\rc.read.1.tlog
F:\VS Project\DNNFace\DNNFace\Debug\rc.write.1.tlog
F:\VS PROJECT\DNNFACE\DNNFACE\DEBUG\TRAINER.OBJ
F:\VS PROJECT\DNNFACE\DNNFACE\DEBUG\TRAINER_CALC.OBJ
F:\VS Project\DNNFace\DNNFace\Debug\vc100.idb
F:\VS PROJECT\DNNFACE\DNNFACE\DEBUG\VC100.PDB
