F:\VS Project\DNNFace\DNNFace\x64\Debug\cl.command.1.tlog
F:\VS Project\DNNFace\DNNFace\x64\Debug\CL.read.1.tlog
F:\VS Project\DNNFace\DNNFace\x64\Debug\CL.write.1.tlog
F:\VS PROJECT\DNNFACE\DNNFACE\X64\DEBUG\CONNECTION.OBJ
F:\VS PROJECT\DNNFACE\DNNFACE\X64\DEBUG\CONNECTION_DISP.OBJ
F:\VS PROJECT\DNNFACE\DNNFACE\X64\DEBUG\DBN.OBJ
F:\VS PROJECT\DNNFACE\DNNFACE\X64\DEBUG\DNNFACE.EXE.EMBED.MANIFEST
F:\VS PROJECT\DNNFACE\DNNFACE\X64\DEBUG\DNNFACE.EXE.EMBED.MANIFEST.RES
F:\VS PROJECT\DNNFACE\DNNFACE\X64\DEBUG\DNNFACE.EXE.INTERMEDIATE.MANIFEST
F:\VS Project\DNNFace\DNNFace\x64\Debug\DNNFace.write.1.tlog
F:\VS Project\DNNFace\DNNFace\x64\Debug\DNNFace_manifest.rc
F:\VS PROJECT\DNNFACE\DNNFACE\X64\DEBUG\FREEGLUT_CALLBACKS.OBJ
F:\VS PROJECT\DNNFACE\DNNFACE\X64\DEBUG\FREEGLUT_CURSOR.OBJ
F:\VS PROJECT\DNNFACE\DNNFACE\X64\DEBUG\FREEGLUT_DISPLAY.OBJ
F:\VS PROJECT\DNNFACE\DNNFACE\X64\DEBUG\FREEGLUT_EXT.OBJ
F:\VS PROJECT\DNNFACE\DNNFACE\X64\DEBUG\FREEGLUT_FONT.OBJ
F:\VS PROJECT\DNNFACE\DNNFACE\X64\DEBUG\FREEGLUT_FONT_DATA.OBJ
F:\VS PROJECT\DNNFACE\DNNFACE\X64\DEBUG\FREEGLUT_GAMEMODE.OBJ
F:\VS PROJECT\DNNFACE\DNNFACE\X64\DEBUG\FREEGLUT_GEOMETRY.OBJ
F:\VS PROJECT\DNNFACE\DNNFACE\X64\DEBUG\FREEGLUT_GLUTFONT_DEFINITIONS.OBJ
F:\VS PROJECT\DNNFACE\DNNFACE\X64\DEBUG\FREEGLUT_INIT.OBJ
F:\VS PROJECT\DNNFACE\DNNFACE\X64\DEBUG\FREEGLUT_INPUT_DEVICES.OBJ
F:\VS PROJECT\DNNFACE\DNNFACE\X64\DEBUG\FREEGLUT_JOYSTICK.OBJ
F:\VS PROJECT\DNNFACE\DNNFACE\X64\DEBUG\FREEGLUT_MAIN.OBJ
F:\VS PROJECT\DNNFACE\DNNFACE\X64\DEBUG\FREEGLUT_MENU.OBJ
F:\VS PROJECT\DNNFACE\DNNFACE\X64\DEBUG\FREEGLUT_MISC.OBJ
F:\VS PROJECT\DNNFACE\DNNFACE\X64\DEBUG\FREEGLUT_OVERLAY.OBJ
F:\VS PROJECT\DNNFACE\DNNFACE\X64\DEBUG\FREEGLUT_SPACEBALL.OBJ
F:\VS PROJECT\DNNFACE\DNNFACE\X64\DEBUG\FREEGLUT_STATE.OBJ
F:\VS PROJECT\DNNFACE\DNNFACE\X64\DEBUG\FREEGLUT_STROKE_MONO_ROMAN.OBJ
F:\VS PROJECT\DNNFACE\DNNFACE\X64\DEBUG\FREEGLUT_STROKE_ROMAN.OBJ
F:\VS PROJECT\DNNFACE\DNNFACE\X64\DEBUG\FREEGLUT_STRUCTURE.OBJ
F:\VS PROJECT\DNNFACE\DNNFACE\X64\DEBUG\FREEGLUT_TEAPOT.OBJ
F:\VS PROJECT\DNNFACE\DNNFACE\X64\DEBUG\FREEGLUT_VIDEORESIZE.OBJ
F:\VS PROJECT\DNNFACE\DNNFACE\X64\DEBUG\FREEGLUT_WINDOW.OBJ
F:\VS PROJECT\DNNFACE\DNNFACE\X64\DEBUG\FREEGLUT_XINPUT.OBJ
F:\VS PROJECT\DNNFACE\DNNFACE\X64\DEBUG\LAYER.OBJ
F:\VS PROJECT\DNNFACE\DNNFACE\X64\DEBUG\LAYER_DISP.OBJ
F:\VS Project\DNNFace\DNNFace\x64\Debug\link.3680.read.1.tlog
F:\VS Project\DNNFace\DNNFace\x64\Debug\link.3680.write.1.tlog
F:\VS Project\DNNFace\DNNFace\x64\Debug\link.3680-cvtres.read.1.tlog
F:\VS Project\DNNFace\DNNFace\x64\Debug\link.3680-cvtres.write.1.tlog
F:\VS Project\DNNFace\DNNFace\x64\Debug\link.6064.read.1.tlog
F:\VS Project\DNNFace\DNNFace\x64\Debug\link.6064.write.1.tlog
F:\VS Project\DNNFace\DNNFace\x64\Debug\link.6064-cvtres.read.1.tlog
F:\VS Project\DNNFace\DNNFace\x64\Debug\link.6064-cvtres.write.1.tlog
F:\VS Project\DNNFace\DNNFace\x64\Debug\link.command.1.tlog
F:\VS Project\DNNFace\DNNFace\x64\Debug\link.read.1.tlog
F:\VS Project\DNNFace\DNNFace\x64\Debug\link.write.1.tlog
F:\VS Project\DNNFace\DNNFace\x64\Debug\link-cvtres.read.1.tlog
F:\VS Project\DNNFace\DNNFace\x64\Debug\link-cvtres.write.1.tlog
F:\VS Project\DNNFace\DNNFace\x64\Debug\mt.command.1.tlog
F:\VS Project\DNNFace\DNNFace\x64\Debug\mt.read.1.tlog
F:\VS Project\DNNFace\DNNFace\x64\Debug\mt.write.1.tlog
F:\VS PROJECT\DNNFACE\DNNFACE\X64\DEBUG\NN.OBJ
F:\VS Project\DNNFace\DNNFace\x64\Debug\rbm.cu.cache
F:\VS Project\DNNFace\DNNFace\x64\Debug\rbm.cu.obj
F:\VS PROJECT\DNNFACE\DNNFACE\X64\DEBUG\RBM.OBJ
F:\VS PROJECT\DNNFACE\DNNFACE\X64\DEBUG\RBM_CALC.OBJ
F:\VS PROJECT\DNNFACE\DNNFACE\X64\DEBUG\RBM_DISP.OBJ
F:\VS PROJECT\DNNFACE\DNNFACE\X64\DEBUG\RBM_INIT.OBJ
F:\VS Project\DNNFace\DNNFace\x64\Debug\rc.command.1.tlog
F:\VS Project\DNNFace\DNNFace\x64\Debug\rc.read.1.tlog
F:\VS Project\DNNFace\DNNFace\x64\Debug\rc.write.1.tlog
F:\VS PROJECT\DNNFACE\DNNFACE\X64\DEBUG\TRAINER.OBJ
F:\VS PROJECT\DNNFACE\DNNFACE\X64\DEBUG\TRAINER_CALC.OBJ
F:\VS Project\DNNFace\DNNFace\x64\Debug\vc100.idb
F:\VS PROJECT\DNNFACE\DNNFACE\X64\DEBUG\VC100.PDB
F:\VS PROJECT\DNNFACE\X64\DEBUG\DNNFACE.EXE
F:\VS Project\DNNFace\x64\Debug\DNNFace.exp
F:\VS PROJECT\DNNFACE\X64\DEBUG\DNNFACE.ILK
F:\VS Project\DNNFace\x64\Debug\DNNFace.lib
F:\VS PROJECT\DNNFACE\X64\DEBUG\DNNFACE.PDB
